-- The CXX compiler identification is GNU 13.3.0
-- Detecting CXX compiler ABI info
-- Detecting CXX compiler ABI info - done
-- Check for working CXX compiler: /usr/bin/c++ - skipped
-- Detecting CXX compile features
-- Detecting CXX compile features - done
-- Found SQLite3: /usr/include (found version "3.45.1") 
-- Configuring done (0.6s)
-- Generating done (0.0s)
-- Build files have been written to: /workspace/music_surfer/build_C
[  5%] Building CXX object CMakeFiles/music_surfer_core.dir/src/core/Track.cpp.o
[ 10%] Building CXX object CMakeFiles/music_surfer_core.dir/src/audio/AudioEngine.cpp.o
[ 21%] Building CXX object CMakeFiles/music_surfer_core.dir/src/ui/MainWindow.cpp.o
[ 26%] Building CXX object CMakeFiles/music_surfer_core.dir/src/services/PlaylistManager.cpp.o
[ 31%] Building CXX object CMakeFiles/music_surfer_core.dir/src/utils/Logger.cpp.o
[ 36%] Building CXX object CMakeFiles/music_surfer_core.dir/src/services/LibraryManager.cpp.o
[ 36%] Building CXX object CMakeFiles/music_surfer_core.dir/src/services/AudioPlayer.cpp.o
[ 47%] Building CXX object CMakeFiles/music_surfer_core.dir/src/utils/MetadataParser.cpp.o
[ 42%] Building CXX object CMakeFiles/music_surfer_core.dir/src/database/Database.cpp.o
[ 52%] Building CXX object CMakeFiles/music_surfer_core.dir/src/utils/FileSystemScanner.cpp.o
[ 57%] Linking CXX static library libmusic_surfer_core.a
[ 57%] Built target music_surfer_core
[ 63%] Building CXX object CMakeFiles/music_surfer_milestone_tests.dir/tests/test_milestones.cpp.o
[ 68%] Building CXX object CMakeFiles/music_surfer_tests.dir/tests/test_smoke.cpp.o
[ 73%] Building CXX object CMakeFiles/music_surfer_app.dir/src/main.cpp.o
[ 78%] Building CXX object CMakeFiles/music_surfer_database_tests.dir/tests/test_database.cpp.o
[ 84%] Linking CXX executable music_surfer_tests
[ 84%] Built target music_surfer_tests
[ 89%] Linking CXX executable music_surfer_database_tests
[ 89%] Built target music_surfer_database_tests
[ 94%] Linking CXX executable music_surfer_app
[ 94%] Built target music_surfer_app
[100%] Linking CXX executable music_surfer_milestone_tests
[100%] Built target music_surfer_milestone_tests
Internal ctest changing into directory: /workspace/music_surfer/build_C
Test project /workspace/music_surfer/build_C
    Start 3: music_surfer_milestone_test
1/1 Test #3: music_surfer_milestone_test ......   Passed    0.01 sec

100% tests passed, 0 tests failed out of 1

Total Test time (real) =   0.02 sec
